<?xml version="1.0" encoding="UTF-8"?>
<testsuite name="com.maicon.treinoemcasa.SciencePlanGeneratorTest" tests="3" skipped="0" failures="0" errors="0" timestamp="2026-02-22T20:09:43" hostname="maicon-Z390-AORUS-ELITE" time="0.033">
  <properties/>
  <testcase name="generate uses training split respecting days per week" classname="com.maicon.treinoemcasa.SciencePlanGeneratorTest" time="0.026"/>
  <testcase name="generate creates non-empty workout prescriptions on workout days" classname="com.maicon.treinoemcasa.SciencePlanGeneratorTest" time="0.004"/>
  <testcase name="generate returns exactly 28 days" classname="com.maicon.treinoemcasa.SciencePlanGeneratorTest" time="0.003"/>
  <system-out><![CDATA[]]></system-out>
  <system-err><![CDATA[]]></system-err>
</testsuite>
